<?xml version="1.0" encoding="UTF-8"?><testsuite errors="0" failures="0" name="bestbuy.serenity.project.bestbuyinfo.ProductCRUDTestWithSteps" skipped="0" tests="4" time="4.62" timestamp="2023-06-06T17:38:17.337+01:00[Europe/London]"><testcase classname="bestbuy.serenity.project.bestbuyinfo.ProductCRUDTestWithSteps" name="This will create a new product"/><testcase classname="bestbuy.serenity.project.bestbuyinfo.ProductCRUDTestWithSteps" name="Verify that product has been added to the application"/><testcase classname="bestbuy.serenity.project.bestbuyinfo.ProductCRUDTestWithSteps" name="Update the Product information and verify the created product is updated"/><testcase classname="bestbuy.serenity.project.bestbuyinfo.ProductCRUDTestWithSteps" name="Delete the Product and verify if the Product is deleted!"/></testsuite>